<?xml version="1.0" encoding="UTF-8"?>
<!-- Generated by org.testng.reporters.JUnitReportReporter -->
<testsuite hostname="DESKTOP-736F6HP" failures="0" tests="4" name="com.assignment.testcases.LoginPageTest" time="68.257" errors="0" timestamp="2022-09-09T13:31:47 IST" skipped="0">
  <testcase classname="com.assignment.testcases.LoginPageTest" name="loginPageTest" time="9.275"/>
  <system-out/>
  <testcase classname="com.assignment.testcases.LoginPageTest" name="loginTest" time="37.739"/>
  <system-out/>
  <testcase classname="com.assignment.testcases.LoginPageTest" name="checkbox" time="10.824"/>
  <system-out/>
  <testcase classname="com.assignment.testcases.LoginPageTest" name="socialmedia" time="10.419"/>
  <system-out/>
</testsuite> <!-- com.assignment.testcases.LoginPageTest -->
