<?xml version="1.0" encoding="UTF-8"?>
<!-- Generated by org.testng.reporters.JUnitReportReporter -->
<testsuite hostname="DESKTOP-736F6HP" failures="0" tests="2" name="com.assignment.testcases.HomePageTestcases" time="17.457" errors="0" timestamp="2022-09-09T13:31:47 IST" skipped="0">
  <testcase classname="com.assignment.testcases.HomePageTestcases" name="Homepagetest" time="9.963"/>
  <system-out/>
  <testcase classname="com.assignment.testcases.HomePageTestcases" name="sort" time="7.494"/>
  <system-out/>
</testsuite> <!-- com.assignment.testcases.HomePageTestcases -->
